# JRE version: OpenJDK Runtime Environment Temurin-17.0.13+11 (17.0.13+11) (build 17.0.13+11)
# Java VM: OpenJDK 64-Bit Server VM Temurin-17.0.13+11 (17.0.13+11, mixed mode, tiered, compressed oops, compressed class ptrs, parallel gc, windows-amd64)
GC Precious Log:
 CPUs: 8 total, 8 available
 Memory: 8067M
 Large Page Support: Disabled
 NUMA Support: Disabled
 Compressed Oops: Enabled (32-bit)
 Alignments: Space 512K, Generation 512K, Heap 2M
 Heap Min Capacity: 100M
 Heap Initial Capacity: 100M
 Heap Max Capacity: 1G
 Pre-touch: Disabled
 Parallel Workers: 8
Heap:
 PSYoungGen      total 16896K, used 12132K [0x00000000eab00000, 0x00000000ebe80000, 0x0000000100000000)
  eden space 13824K, 67% used [0x00000000eab00000,0x00000000eb425238,0x00000000eb880000)
  from space 3072K, 90% used [0x00000000eb880000,0x00000000ebb34030,0x00000000ebb80000)
  to   space 3072K, 0% used [0x00000000ebb80000,0x00000000ebb80000,0x00000000ebe80000)
 ParOldGen       total 123392K, used 105921K [0x00000000c0000000, 0x00000000c7880000, 0x00000000eab00000)
  object space 123392K, 85% used [0x00000000c0000000,0x00000000c6770650,0x00000000c7880000)
 Metaspace       used 76980K, committed 78272K, reserved 1179648K
  class space    used 8136K, committed 8704K, reserved 1048576K
GC Heap History (20 events):
Event: 16.932 GC heap before
{Heap before GC invocations=57 (full 5):
 PSYoungGen      total 10752K, used 10744K [0x00000000eab00000, 0x00000000ebb00000, 0x0000000100000000)
  eden space 6656K, 100% used [0x00000000eab00000,0x00000000eb180000,0x00000000eb180000)
  from space 4096K, 99% used [0x00000000eb180000,0x00000000eb57e178,0x00000000eb580000)
  to   space 4608K, 0% used [0x00000000eb680000,0x00000000eb680000,0x00000000ebb00000)
 ParOldGen       total 123392K, used 87331K [0x00000000c0000000, 0x00000000c7880000, 0x00000000eab00000)
  object space 123392K, 70% used [0x00000000c0000000,0x00000000c5548cc0,0x00000000c7880000)
 Metaspace       used 71851K, committed 73152K, reserved 1114112K
  class space    used 7559K, committed 8128K, reserved 1048576K
}
Event: 16.939 GC heap after
{Heap after GC invocations=57 (full 5):
 PSYoungGen      total 11776K, used 3264K [0x00000000eab00000, 0x00000000eba00000, 0x0000000100000000)
  eden space 8192K, 0% used [0x00000000eab00000,0x00000000eab00000,0x00000000eb300000)
  from space 3584K, 91% used [0x00000000eb680000,0x00000000eb9b0020,0x00000000eba00000)
  to   space 3584K, 0% used [0x00000000eb300000,0x00000000eb300000,0x00000000eb680000)
 ParOldGen       total 123392K, used 92107K [0x00000000c0000000, 0x00000000c7880000, 0x00000000eab00000)
  object space 123392K, 74% used [0x00000000c0000000,0x00000000c59f2fb0,0x00000000c7880000)
 Metaspace       used 71851K, committed 73152K, reserved 1114112K
  class space    used 7559K, committed 8128K, reserved 1048576K
}
Event: 16.960 GC heap before
{Heap before GC invocations=58 (full 5):
 PSYoungGen      total 11776K, used 11456K [0x00000000eab00000, 0x00000000eba00000, 0x0000000100000000)
  eden space 8192K, 100% used [0x00000000eab00000,0x00000000eb300000,0x00000000eb300000)
  from space 3584K, 91% used [0x00000000eb680000,0x00000000eb9b0020,0x00000000eba00000)
  to   space 3584K, 0% used [0x00000000eb300000,0x00000000eb300000,0x00000000eb680000)
 ParOldGen       total 123392K, used 92107K [0x00000000c0000000, 0x00000000c7880000, 0x00000000eab00000)
  object space 123392K, 74% used [0x00000000c0000000,0x00000000c59f2fb0,0x00000000c7880000)
 Metaspace       used 71927K, committed 73280K, reserved 1114112K
  class space    used 7566K, committed 8128K, reserved 1048576K
}
Event: 16.967 GC heap after
{Heap after GC invocations=58 (full 5):
 PSYoungGen      total 11776K, used 3584K [0x00000000eab00000, 0x00000000ec380000, 0x0000000100000000)
  eden space 8192K, 0% used [0x00000000eab00000,0x00000000eab00000,0x00000000eb300000)
  from space 3584K, 100% used [0x00000000eb300000,0x00000000eb680000,0x00000000eb680000)
  to   space 7680K, 0% used [0x00000000ebc00000,0x00000000ebc00000,0x00000000ec380000)
 ParOldGen       total 123392K, used 95534K [0x00000000c0000000, 0x00000000c7880000, 0x00000000eab00000)
  object space 123392K, 77% used [0x00000000c0000000,0x00000000c5d4ba78,0x00000000c7880000)
 Metaspace       used 71927K, committed 73280K, reserved 1114112K
  class space    used 7566K, committed 8128K, reserved 1048576K
}
Event: 16.997 GC heap before
{Heap before GC invocations=59 (full 5):
 PSYoungGen      total 11776K, used 11776K [0x00000000eab00000, 0x00000000ec380000, 0x0000000100000000)
  eden space 8192K, 100% used [0x00000000eab00000,0x00000000eb300000,0x00000000eb300000)
  from space 3584K, 100% used [0x00000000eb300000,0x00000000eb680000,0x00000000eb680000)
  to   space 7680K, 0% used [0x00000000ebc00000,0x00000000ebc00000,0x00000000ec380000)
 ParOldGen       total 123392K, used 95534K [0x00000000c0000000, 0x00000000c7880000, 0x00000000eab00000)
  object space 123392K, 77% used [0x00000000c0000000,0x00000000c5d4ba78,0x00000000c7880000)
 Metaspace       used 72127K, committed 73472K, reserved 1114112K
  class space    used 7587K, committed 8192K, reserved 1048576K
}
Event: 17.004 GC heap after
{Heap after GC invocations=59 (full 5):
 PSYoungGen      total 13312K, used 3123K [0x00000000eab00000, 0x00000000ebf80000, 0x0000000100000000)
  eden space 9728K, 0% used [0x00000000eab00000,0x00000000eab00000,0x00000000eb480000)
  from space 3584K, 87% used [0x00000000ebc00000,0x00000000ebf0ce60,0x00000000ebf80000)
  to   space 4608K, 0% used [0x00000000eb680000,0x00000000eb680000,0x00000000ebb00000)
 ParOldGen       total 123392K, used 99133K [0x00000000c0000000, 0x00000000c7880000, 0x00000000eab00000)
  object space 123392K, 80% used [0x00000000c0000000,0x00000000c60cf708,0x00000000c7880000)
 Metaspace       used 72127K, committed 73472K, reserved 1114112K
  class space    used 7587K, committed 8192K, reserved 1048576K
}
Event: 17.096 GC heap before
{Heap before GC invocations=60 (full 5):
 PSYoungGen      total 13312K, used 12851K [0x00000000eab00000, 0x00000000ebf80000, 0x0000000100000000)
  eden space 9728K, 100% used [0x00000000eab00000,0x00000000eb480000,0x00000000eb480000)
  from space 3584K, 87% used [0x00000000ebc00000,0x00000000ebf0ce60,0x00000000ebf80000)
  to   space 4608K, 0% used [0x00000000eb680000,0x00000000eb680000,0x00000000ebb00000)
 ParOldGen       total 123392K, used 99133K [0x00000000c0000000, 0x00000000c7880000, 0x00000000eab00000)
  object space 123392K, 80% used [0x00000000c0000000,0x00000000c60cf708,0x00000000c7880000)
 Metaspace       used 72654K, committed 74048K, reserved 1179648K
  class space    used 7655K, committed 8256K, reserved 1048576K
}
Event: 17.102 GC heap after
{Heap after GC invocations=60 (full 5):
 PSYoungGen      total 12288K, used 597K [0x00000000eab00000, 0x00000000ebc80000, 0x0000000100000000)
  eden space 11264K, 0% used [0x00000000eab00000,0x00000000eab00000,0x00000000eb600000)
  from space 1024K, 58% used [0x00000000eb680000,0x00000000eb715490,0x00000000eb780000)
  to   space 2048K, 0% used [0x00000000eba80000,0x00000000eba80000,0x00000000ebc80000)
 ParOldGen       total 123392K, used 102007K [0x00000000c0000000, 0x00000000c7880000, 0x00000000eab00000)
  object space 123392K, 82% used [0x00000000c0000000,0x00000000c639dcc0,0x00000000c7880000)
 Metaspace       used 72654K, committed 74048K, reserved 1179648K
  class space    used 7655K, committed 8256K, reserved 1048576K
}
Event: 17.255 GC heap before
{Heap before GC invocations=61 (full 5):
 PSYoungGen      total 12288K, used 11861K [0x00000000eab00000, 0x00000000ebc80000, 0x0000000100000000)
  eden space 11264K, 100% used [0x00000000eab00000,0x00000000eb600000,0x00000000eb600000)
  from space 1024K, 58% used [0x00000000eb680000,0x00000000eb715490,0x00000000eb780000)
  to   space 2048K, 0% used [0x00000000eba80000,0x00000000eba80000,0x00000000ebc80000)
 ParOldGen       total 123392K, used 102007K [0x00000000c0000000, 0x00000000c7880000, 0x00000000eab00000)
  object space 123392K, 82% used [0x00000000c0000000,0x00000000c639dcc0,0x00000000c7880000)
 Metaspace       used 73449K, committed 74816K, reserved 1179648K
  class space    used 7735K, committed 8320K, reserved 1048576K
}
Event: 17.257 GC heap after
{Heap after GC invocations=61 (full 5):
 PSYoungGen      total 14336K, used 998K [0x00000000eab00000, 0x00000000ebb80000, 0x0000000100000000)
  eden space 13312K, 0% used [0x00000000eab00000,0x00000000eab00000,0x00000000eb800000)
  from space 1024K, 97% used [0x00000000eba80000,0x00000000ebb79b30,0x00000000ebb80000)
  to   space 1536K, 0% used [0x00000000eb880000,0x00000000eb880000,0x00000000eba00000)
 ParOldGen       total 123392K, used 102479K [0x00000000c0000000, 0x00000000c7880000, 0x00000000eab00000)
  object space 123392K, 83% used [0x00000000c0000000,0x00000000c6413ed0,0x00000000c7880000)
 Metaspace       used 73449K, committed 74816K, reserved 1179648K
  class space    used 7735K, committed 8320K, reserved 1048576K
}
Event: 17.366 GC heap before
{Heap before GC invocations=62 (full 5):
 PSYoungGen      total 14336K, used 14310K [0x00000000eab00000, 0x00000000ebb80000, 0x0000000100000000)
  eden space 13312K, 100% used [0x00000000eab00000,0x00000000eb800000,0x00000000eb800000)
  from space 1024K, 97% used [0x00000000eba80000,0x00000000ebb79b30,0x00000000ebb80000)
  to   space 1536K, 0% used [0x00000000eb880000,0x00000000eb880000,0x00000000eba00000)
 ParOldGen       total 123392K, used 102479K [0x00000000c0000000, 0x00000000c7880000, 0x00000000eab00000)
  object space 123392K, 83% used [0x00000000c0000000,0x00000000c6413ed0,0x00000000c7880000)
 Metaspace       used 74205K, committed 75520K, reserved 1179648K
  class space    used 7810K, committed 8384K, reserved 1048576K
}
Event: 17.370 GC heap after
{Heap after GC invocations=62 (full 5):
 PSYoungGen      total 15360K, used 1520K [0x00000000eab00000, 0x00000000ebe80000, 0x0000000100000000)
  eden space 13824K, 0% used [0x00000000eab00000,0x00000000eab00000,0x00000000eb880000)
  from space 1536K, 98% used [0x00000000eb880000,0x00000000eb9fc030,0x00000000eba00000)
  to   space 2560K, 0% used [0x00000000ebc00000,0x00000000ebc00000,0x00000000ebe80000)
 ParOldGen       total 123392K, used 103103K [0x00000000c0000000, 0x00000000c7880000, 0x00000000eab00000)
  object space 123392K, 83% used [0x00000000c0000000,0x00000000c64afed0,0x00000000c7880000)
 Metaspace       used 74205K, committed 75520K, reserved 1179648K
  class space    used 7810K, committed 8384K, reserved 1048576K
}
Event: 17.825 GC heap before
{Heap before GC invocations=63 (full 5):
 PSYoungGen      total 15360K, used 15344K [0x00000000eab00000, 0x00000000ebe80000, 0x0000000100000000)
  eden space 13824K, 100% used [0x00000000eab00000,0x00000000eb880000,0x00000000eb880000)
  from space 1536K, 98% used [0x00000000eb880000,0x00000000eb9fc030,0x00000000eba00000)
  to   space 2560K, 0% used [0x00000000ebc00000,0x00000000ebc00000,0x00000000ebe80000)
 ParOldGen       total 123392K, used 103103K [0x00000000c0000000, 0x00000000c7880000, 0x00000000eab00000)
  object space 123392K, 83% used [0x00000000c0000000,0x00000000c64afed0,0x00000000c7880000)
 Metaspace       used 75073K, committed 76480K, reserved 1179648K
  class space    used 7911K, committed 8512K, reserved 1048576K
}
Event: 17.828 GC heap after
{Heap after GC invocations=63 (full 5):
 PSYoungGen      total 14848K, used 773K [0x00000000eab00000, 0x00000000ebd00000, 0x0000000100000000)
  eden space 13824K, 0% used [0x00000000eab00000,0x00000000eab00000,0x00000000eb880000)
  from space 1024K, 75% used [0x00000000ebc00000,0x00000000ebcc1420,0x00000000ebd00000)
  to   space 1536K, 0% used [0x00000000eba00000,0x00000000eba00000,0x00000000ebb80000)
 ParOldGen       total 123392K, used 103679K [0x00000000c0000000, 0x00000000c7880000, 0x00000000eab00000)
  object space 123392K, 84% used [0x00000000c0000000,0x00000000c653fed0,0x00000000c7880000)
 Metaspace       used 75073K, committed 76480K, reserved 1179648K
  class space    used 7911K, committed 8512K, reserved 1048576K
}
Event: 77.550 GC heap before
{Heap before GC invocations=64 (full 5):
 PSYoungGen      total 14848K, used 14595K [0x00000000eab00000, 0x00000000ebd00000, 0x0000000100000000)
  eden space 13824K, 99% used [0x00000000eab00000,0x00000000eb87fb20,0x00000000eb880000)
  from space 1024K, 75% used [0x00000000ebc00000,0x00000000ebcc1420,0x00000000ebd00000)
  to   space 1536K, 0% used [0x00000000eba00000,0x00000000eba00000,0x00000000ebb80000)
 ParOldGen       total 123392K, used 103679K [0x00000000c0000000, 0x00000000c7880000, 0x00000000eab00000)
  object space 123392K, 84% used [0x00000000c0000000,0x00000000c653fed0,0x00000000c7880000)
 Metaspace       used 75457K, committed 76736K, reserved 1179648K
  class space    used 7951K, committed 8512K, reserved 1048576K
}
Event: 77.551 GC heap after
{Heap after GC invocations=64 (full 5):
 PSYoungGen      total 15360K, used 1210K [0x00000000eab00000, 0x00000000ebc80000, 0x0000000100000000)
  eden space 13824K, 0% used [0x00000000eab00000,0x00000000eab00000,0x00000000eb880000)
  from space 1536K, 78% used [0x00000000eba00000,0x00000000ebb2e8e8,0x00000000ebb80000)
  to   space 1024K, 0% used [0x00000000ebb80000,0x00000000ebb80000,0x00000000ebc80000)
 ParOldGen       total 123392K, used 103687K [0x00000000c0000000, 0x00000000c7880000, 0x00000000eab00000)
  object space 123392K, 84% used [0x00000000c0000000,0x00000000c6541ed0,0x00000000c7880000)
 Metaspace       used 75457K, committed 76736K, reserved 1179648K
  class space    used 7951K, committed 8512K, reserved 1048576K
}
Event: 77.735 GC heap before
{Heap before GC invocations=65 (full 5):
 PSYoungGen      total 15360K, used 15034K [0x00000000eab00000, 0x00000000ebc80000, 0x0000000100000000)
  eden space 13824K, 100% used [0x00000000eab00000,0x00000000eb880000,0x00000000eb880000)
  from space 1536K, 78% used [0x00000000eba00000,0x00000000ebb2e8e8,0x00000000ebb80000)
  to   space 1024K, 0% used [0x00000000ebb80000,0x00000000ebb80000,0x00000000ebc80000)
 ParOldGen       total 123392K, used 103687K [0x00000000c0000000, 0x00000000c7880000, 0x00000000eab00000)
  object space 123392K, 84% used [0x00000000c0000000,0x00000000c6541ed0,0x00000000c7880000)
 Metaspace       used 76150K, committed 77440K, reserved 1179648K
  class space    used 8035K, committed 8576K, reserved 1048576K
}
Event: 77.738 GC heap after
{Heap after GC invocations=65 (full 5):
 PSYoungGen      total 14848K, used 1018K [0x00000000eab00000, 0x00000000ebe80000, 0x0000000100000000)
  eden space 13824K, 0% used [0x00000000eab00000,0x00000000eab00000,0x00000000eb880000)
  from space 1024K, 99% used [0x00000000ebb80000,0x00000000ebc7e8e8,0x00000000ebc80000)
  to   space 3072K, 0% used [0x00000000eb880000,0x00000000eb880000,0x00000000ebb80000)
 ParOldGen       total 123392K, used 105121K [0x00000000c0000000, 0x00000000c7880000, 0x00000000eab00000)
  object space 123392K, 85% used [0x00000000c0000000,0x00000000c66a8640,0x00000000c7880000)
 Metaspace       used 76150K, committed 77440K, reserved 1179648K
  class space    used 8035K, committed 8576K, reserved 1048576K
}
Event: 78.197 GC heap before
{Heap before GC invocations=66 (full 5):
 PSYoungGen      total 14848K, used 14842K [0x00000000eab00000, 0x00000000ebe80000, 0x0000000100000000)
  eden space 13824K, 100% used [0x00000000eab00000,0x00000000eb880000,0x00000000eb880000)
  from space 1024K, 99% used [0x00000000ebb80000,0x00000000ebc7e8e8,0x00000000ebc80000)
  to   space 3072K, 0% used [0x00000000eb880000,0x00000000eb880000,0x00000000ebb80000)
 ParOldGen       total 123392K, used 105121K [0x00000000c0000000, 0x00000000c7880000, 0x00000000eab00000)
  object space 123392K, 85% used [0x00000000c0000000,0x00000000c66a8640,0x00000000c7880000)
 Metaspace       used 76880K, committed 78208K, reserved 1179648K
  class space    used 8132K, committed 8704K, reserved 1048576K
}
Event: 78.201 GC heap after
{Heap after GC invocations=66 (full 5):
 PSYoungGen      total 16896K, used 2768K [0x00000000eab00000, 0x00000000ebe80000, 0x0000000100000000)
  eden space 13824K, 0% used [0x00000000eab00000,0x00000000eab00000,0x00000000eb880000)
  from space 3072K, 90% used [0x00000000eb880000,0x00000000ebb34030,0x00000000ebb80000)
  to   space 3072K, 0% used [0x00000000ebb80000,0x00000000ebb80000,0x00000000ebe80000)
 ParOldGen       total 123392K, used 105921K [0x00000000c0000000, 0x00000000c7880000, 0x00000000eab00000)
  object space 123392K, 85% used [0x00000000c0000000,0x00000000c6770650,0x00000000c7880000)
 Metaspace       used 76880K, committed 78208K, reserved 1179648K
  class space    used 8132K, committed 8704K, reserved 1048576K
}

