# JRE version: OpenJDK Runtime Environment Temurin-17.0.13+11 (17.0.13+11) (build 17.0.13+11)
# Java VM: OpenJDK 64-Bit Server VM Temurin-17.0.13+11 (17.0.13+11, mixed mode, tiered, compressed oops, compressed class ptrs, parallel gc, windows-amd64)
GC Precious Log:
 CPUs: 8 total, 8 available
 Memory: 8067M
 Large Page Support: Disabled
 NUMA Support: Disabled
 Compressed Oops: Enabled (32-bit)
 Alignments: Space 512K, Generation 512K, Heap 2M
 Heap Min Capacity: 100M
 Heap Initial Capacity: 100M
 Heap Max Capacity: 1G
 Pre-touch: Disabled
 Parallel Workers: 8
Heap:
 PSYoungGen      total 20480K, used 7365K [0x00000000eab00000, 0x00000000ec300000, 0x0000000100000000)
  eden space 17408K, 25% used [0x00000000eab00000,0x00000000eaf4aae0,0x00000000ebc00000)
  from space 3072K, 96% used [0x00000000ebc00000,0x00000000ebee6a80,0x00000000ebf00000)
  to   space 3584K, 0% used [0x00000000ebf80000,0x00000000ebf80000,0x00000000ec300000)
 ParOldGen       total 68608K, used 33791K [0x00000000c0000000, 0x00000000c4300000, 0x00000000eab00000)
  object space 68608K, 49% used [0x00000000c0000000,0x00000000c20ffc30,0x00000000c4300000)
 Metaspace       used 50859K, committed 51904K, reserved 1114112K
  class space    used 5123K, committed 5568K, reserved 1048576K
GC Heap History (20 events):
Event: 8.389 GC heap before
{Heap before GC invocations=18 (full 2):
 PSYoungGen      total 23552K, used 23307K [0x00000000eab00000, 0x00000000ec400000, 0x0000000100000000)
  eden space 22016K, 99% used [0x00000000eab00000,0x00000000ec07aec0,0x00000000ec080000)
  from space 1536K, 85% used [0x00000000ec100000,0x00000000ec248118,0x00000000ec280000)
  to   space 1536K, 0% used [0x00000000ec280000,0x00000000ec280000,0x00000000ec400000)
 ParOldGen       total 68608K, used 21728K [0x00000000c0000000, 0x00000000c4300000, 0x00000000eab00000)
  object space 68608K, 31% used [0x00000000c0000000,0x00000000c1538260,0x00000000c4300000)
 Metaspace       used 42744K, committed 43712K, reserved 1114112K
  class space    used 4399K, committed 4864K, reserved 1048576K
}
Event: 8.391 GC heap after
{Heap after GC invocations=18 (full 2):
 PSYoungGen      total 22528K, used 160K [0x00000000eab00000, 0x00000000ec300000, 0x0000000100000000)
  eden space 22016K, 0% used [0x00000000eab00000,0x00000000eab00000,0x00000000ec080000)
  from space 512K, 31% used [0x00000000ec280000,0x00000000ec2a8000,0x00000000ec300000)
  to   space 1024K, 0% used [0x00000000ec100000,0x00000000ec100000,0x00000000ec200000)
 ParOldGen       total 68608K, used 21776K [0x00000000c0000000, 0x00000000c4300000, 0x00000000eab00000)
  object space 68608K, 31% used [0x00000000c0000000,0x00000000c1544260,0x00000000c4300000)
 Metaspace       used 42744K, committed 43712K, reserved 1114112K
  class space    used 4399K, committed 4864K, reserved 1048576K
}
Event: 9.127 GC heap before
{Heap before GC invocations=19 (full 2):
 PSYoungGen      total 22528K, used 22153K [0x00000000eab00000, 0x00000000ec300000, 0x0000000100000000)
  eden space 22016K, 99% used [0x00000000eab00000,0x00000000ec07a610,0x00000000ec080000)
  from space 512K, 31% used [0x00000000ec280000,0x00000000ec2a8000,0x00000000ec300000)
  to   space 1024K, 0% used [0x00000000ec100000,0x00000000ec100000,0x00000000ec200000)
 ParOldGen       total 68608K, used 21776K [0x00000000c0000000, 0x00000000c4300000, 0x00000000eab00000)
  object space 68608K, 31% used [0x00000000c0000000,0x00000000c1544260,0x00000000c4300000)
 Metaspace       used 44278K, committed 45248K, reserved 1114112K
  class space    used 4567K, committed 4992K, reserved 1048576K
}
Event: 9.129 GC heap after
{Heap after GC invocations=19 (full 2):
 PSYoungGen      total 23040K, used 576K [0x00000000eab00000, 0x00000000ec300000, 0x0000000100000000)
  eden space 22016K, 0% used [0x00000000eab00000,0x00000000eab00000,0x00000000ec080000)
  from space 1024K, 56% used [0x00000000ec100000,0x00000000ec190000,0x00000000ec200000)
  to   space 1024K, 0% used [0x00000000ec200000,0x00000000ec200000,0x00000000ec300000)
 ParOldGen       total 68608K, used 21824K [0x00000000c0000000, 0x00000000c4300000, 0x00000000eab00000)
  object space 68608K, 31% used [0x00000000c0000000,0x00000000c1550260,0x00000000c4300000)
 Metaspace       used 44278K, committed 45248K, reserved 1114112K
  class space    used 4567K, committed 4992K, reserved 1048576K
}
Event: 9.700 GC heap before
{Heap before GC invocations=20 (full 2):
 PSYoungGen      total 23040K, used 22592K [0x00000000eab00000, 0x00000000ec300000, 0x0000000100000000)
  eden space 22016K, 100% used [0x00000000eab00000,0x00000000ec080000,0x00000000ec080000)
  from space 1024K, 56% used [0x00000000ec100000,0x00000000ec190000,0x00000000ec200000)
  to   space 1024K, 0% used [0x00000000ec200000,0x00000000ec200000,0x00000000ec300000)
 ParOldGen       total 68608K, used 21824K [0x00000000c0000000, 0x00000000c4300000, 0x00000000eab00000)
  object space 68608K, 31% used [0x00000000c0000000,0x00000000c1550260,0x00000000c4300000)
 Metaspace       used 46105K, committed 47040K, reserved 1114112K
  class space    used 4724K, committed 5184K, reserved 1048576K
}
Event: 9.704 GC heap after
{Heap after GC invocations=20 (full 2):
 PSYoungGen      total 22528K, used 992K [0x00000000eab00000, 0x00000000ec480000, 0x0000000100000000)
  eden space 21504K, 0% used [0x00000000eab00000,0x00000000eab00000,0x00000000ec000000)
  from space 1024K, 96% used [0x00000000ec200000,0x00000000ec2f8020,0x00000000ec300000)
  to   space 2048K, 0% used [0x00000000ec000000,0x00000000ec000000,0x00000000ec200000)
 ParOldGen       total 68608K, used 22304K [0x00000000c0000000, 0x00000000c4300000, 0x00000000eab00000)
  object space 68608K, 32% used [0x00000000c0000000,0x00000000c15c8270,0x00000000c4300000)
 Metaspace       used 46105K, committed 47040K, reserved 1114112K
  class space    used 4724K, committed 5184K, reserved 1048576K
}
Event: 10.594 GC heap before
{Heap before GC invocations=21 (full 2):
 PSYoungGen      total 22528K, used 22496K [0x00000000eab00000, 0x00000000ec480000, 0x0000000100000000)
  eden space 21504K, 100% used [0x00000000eab00000,0x00000000ec000000,0x00000000ec000000)
  from space 1024K, 96% used [0x00000000ec200000,0x00000000ec2f8020,0x00000000ec300000)
  to   space 2048K, 0% used [0x00000000ec000000,0x00000000ec000000,0x00000000ec200000)
 ParOldGen       total 68608K, used 22304K [0x00000000c0000000, 0x00000000c4300000, 0x00000000eab00000)
  object space 68608K, 32% used [0x00000000c0000000,0x00000000c15c8270,0x00000000c4300000)
 Metaspace       used 47017K, committed 48064K, reserved 1114112K
  class space    used 4789K, committed 5248K, reserved 1048576K
}
Event: 10.598 GC heap after
{Heap after GC invocations=21 (full 2):
 PSYoungGen      total 23040K, used 1055K [0x00000000eab00000, 0x00000000ec300000, 0x0000000100000000)
  eden space 21504K, 0% used [0x00000000eab00000,0x00000000eab00000,0x00000000ec000000)
  from space 1536K, 68% used [0x00000000ec000000,0x00000000ec107f30,0x00000000ec180000)
  to   space 1536K, 0% used [0x00000000ec180000,0x00000000ec180000,0x00000000ec300000)
 ParOldGen       total 68608K, used 23200K [0x00000000c0000000, 0x00000000c4300000, 0x00000000eab00000)
  object space 68608K, 33% used [0x00000000c0000000,0x00000000c16a82c0,0x00000000c4300000)
 Metaspace       used 47017K, committed 48064K, reserved 1114112K
  class space    used 4789K, committed 5248K, reserved 1048576K
}
Event: 10.669 GC heap before
{Heap before GC invocations=22 (full 2):
 PSYoungGen      total 23040K, used 22559K [0x00000000eab00000, 0x00000000ec300000, 0x0000000100000000)
  eden space 21504K, 100% used [0x00000000eab00000,0x00000000ec000000,0x00000000ec000000)
  from space 1536K, 68% used [0x00000000ec000000,0x00000000ec107f30,0x00000000ec180000)
  to   space 1536K, 0% used [0x00000000ec180000,0x00000000ec180000,0x00000000ec300000)
 ParOldGen       total 68608K, used 23200K [0x00000000c0000000, 0x00000000c4300000, 0x00000000eab00000)
  object space 68608K, 33% used [0x00000000c0000000,0x00000000c16a82c0,0x00000000c4300000)
 Metaspace       used 47018K, committed 48064K, reserved 1114112K
  class space    used 4789K, committed 5248K, reserved 1048576K
}
Event: 10.674 GC heap after
{Heap after GC invocations=22 (full 2):
 PSYoungGen      total 21504K, used 1536K [0x00000000eab00000, 0x00000000ec600000, 0x0000000100000000)
  eden space 19968K, 0% used [0x00000000eab00000,0x00000000eab00000,0x00000000ebe80000)
  from space 1536K, 100% used [0x00000000ec180000,0x00000000ec300000,0x00000000ec300000)
  to   space 3072K, 0% used [0x00000000ebe80000,0x00000000ebe80000,0x00000000ec180000)
 ParOldGen       total 68608K, used 24376K [0x00000000c0000000, 0x00000000c4300000, 0x00000000eab00000)
  object space 68608K, 35% used [0x00000000c0000000,0x00000000c17ce220,0x00000000c4300000)
 Metaspace       used 47018K, committed 48064K, reserved 1114112K
  class space    used 4789K, committed 5248K, reserved 1048576K
}
Event: 10.864 GC heap before
{Heap before GC invocations=23 (full 2):
 PSYoungGen      total 21504K, used 21504K [0x00000000eab00000, 0x00000000ec600000, 0x0000000100000000)
  eden space 19968K, 100% used [0x00000000eab00000,0x00000000ebe80000,0x00000000ebe80000)
  from space 1536K, 100% used [0x00000000ec180000,0x00000000ec300000,0x00000000ec300000)
  to   space 3072K, 0% used [0x00000000ebe80000,0x00000000ebe80000,0x00000000ec180000)
 ParOldGen       total 68608K, used 24376K [0x00000000c0000000, 0x00000000c4300000, 0x00000000eab00000)
  object space 68608K, 35% used [0x00000000c0000000,0x00000000c17ce220,0x00000000c4300000)
 Metaspace       used 47019K, committed 48064K, reserved 1114112K
  class space    used 4789K, committed 5248K, reserved 1048576K
}
Event: 10.869 GC heap after
{Heap after GC invocations=23 (full 2):
 PSYoungGen      total 22528K, used 2276K [0x00000000eab00000, 0x00000000ec380000, 0x0000000100000000)
  eden space 19968K, 0% used [0x00000000eab00000,0x00000000eab00000,0x00000000ebe80000)
  from space 2560K, 88% used [0x00000000ebe80000,0x00000000ec0b9000,0x00000000ec100000)
  to   space 2560K, 0% used [0x00000000ec100000,0x00000000ec100000,0x00000000ec380000)
 ParOldGen       total 68608K, used 25892K [0x00000000c0000000, 0x00000000c4300000, 0x00000000eab00000)
  object space 68608K, 37% used [0x00000000c0000000,0x00000000c1949320,0x00000000c4300000)
 Metaspace       used 47019K, committed 48064K, reserved 1114112K
  class space    used 4789K, committed 5248K, reserved 1048576K
}
Event: 10.905 GC heap before
{Heap before GC invocations=24 (full 2):
 PSYoungGen      total 22528K, used 22244K [0x00000000eab00000, 0x00000000ec380000, 0x0000000100000000)
  eden space 19968K, 100% used [0x00000000eab00000,0x00000000ebe80000,0x00000000ebe80000)
  from space 2560K, 88% used [0x00000000ebe80000,0x00000000ec0b9000,0x00000000ec100000)
  to   space 2560K, 0% used [0x00000000ec100000,0x00000000ec100000,0x00000000ec380000)
 ParOldGen       total 68608K, used 25892K [0x00000000c0000000, 0x00000000c4300000, 0x00000000eab00000)
  object space 68608K, 37% used [0x00000000c0000000,0x00000000c1949320,0x00000000c4300000)
 Metaspace       used 47019K, committed 48064K, reserved 1114112K
  class space    used 4789K, committed 5248K, reserved 1048576K
}
Event: 10.908 GC heap after
{Heap after GC invocations=24 (full 2):
 PSYoungGen      total 22528K, used 2016K [0x00000000eab00000, 0x00000000ec380000, 0x0000000100000000)
  eden space 19968K, 0% used [0x00000000eab00000,0x00000000eab00000,0x00000000ebe80000)
  from space 2560K, 78% used [0x00000000ec100000,0x00000000ec2f8010,0x00000000ec380000)
  to   space 2560K, 0% used [0x00000000ebe80000,0x00000000ebe80000,0x00000000ec100000)
 ParOldGen       total 68608K, used 28032K [0x00000000c0000000, 0x00000000c4300000, 0x00000000eab00000)
  object space 68608K, 40% used [0x00000000c0000000,0x00000000c1b60320,0x00000000c4300000)
 Metaspace       used 47019K, committed 48064K, reserved 1114112K
  class space    used 4789K, committed 5248K, reserved 1048576K
}
Event: 10.966 GC heap before
{Heap before GC invocations=25 (full 2):
 PSYoungGen      total 22528K, used 21984K [0x00000000eab00000, 0x00000000ec380000, 0x0000000100000000)
  eden space 19968K, 100% used [0x00000000eab00000,0x00000000ebe80000,0x00000000ebe80000)
  from space 2560K, 78% used [0x00000000ec100000,0x00000000ec2f8010,0x00000000ec380000)
  to   space 2560K, 0% used [0x00000000ebe80000,0x00000000ebe80000,0x00000000ec100000)
 ParOldGen       total 68608K, used 28032K [0x00000000c0000000, 0x00000000c4300000, 0x00000000eab00000)
  object space 68608K, 40% used [0x00000000c0000000,0x00000000c1b60320,0x00000000c4300000)
 Metaspace       used 47104K, committed 48128K, reserved 1114112K
  class space    used 4795K, committed 5248K, reserved 1048576K
}
Event: 10.971 GC heap after
{Heap after GC invocations=25 (full 2):
 PSYoungGen      total 22016K, used 1880K [0x00000000eab00000, 0x00000000ec280000, 0x0000000100000000)
  eden space 19968K, 0% used [0x00000000eab00000,0x00000000eab00000,0x00000000ebe80000)
  from space 2048K, 91% used [0x00000000ebe80000,0x00000000ec056200,0x00000000ec080000)
  to   space 2048K, 0% used [0x00000000ec080000,0x00000000ec080000,0x00000000ec280000)
 ParOldGen       total 68608K, used 30000K [0x00000000c0000000, 0x00000000c4300000, 0x00000000eab00000)
  object space 68608K, 43% used [0x00000000c0000000,0x00000000c1d4c330,0x00000000c4300000)
 Metaspace       used 47104K, committed 48128K, reserved 1114112K
  class space    used 4795K, committed 5248K, reserved 1048576K
}
Event: 11.429 GC heap before
{Heap before GC invocations=26 (full 2):
 PSYoungGen      total 22016K, used 21848K [0x00000000eab00000, 0x00000000ec280000, 0x0000000100000000)
  eden space 19968K, 100% used [0x00000000eab00000,0x00000000ebe80000,0x00000000ebe80000)
  from space 2048K, 91% used [0x00000000ebe80000,0x00000000ec056200,0x00000000ec080000)
  to   space 2048K, 0% used [0x00000000ec080000,0x00000000ec080000,0x00000000ec280000)
 ParOldGen       total 68608K, used 30000K [0x00000000c0000000, 0x00000000c4300000, 0x00000000eab00000)
  object space 68608K, 43% used [0x00000000c0000000,0x00000000c1d4c330,0x00000000c4300000)
 Metaspace       used 49121K, committed 50112K, reserved 1114112K
  class space    used 5020K, committed 5440K, reserved 1048576K
}
Event: 11.434 GC heap after
{Heap after GC invocations=26 (full 2):
 PSYoungGen      total 19456K, used 2038K [0x00000000eab00000, 0x00000000ec780000, 0x0000000100000000)
  eden space 17408K, 0% used [0x00000000eab00000,0x00000000eab00000,0x00000000ebc00000)
  from space 2048K, 99% used [0x00000000ec080000,0x00000000ec27d848,0x00000000ec280000)
  to   space 4608K, 0% used [0x00000000ebc00000,0x00000000ebc00000,0x00000000ec080000)
 ParOldGen       total 68608K, used 31895K [0x00000000c0000000, 0x00000000c4300000, 0x00000000eab00000)
  object space 68608K, 46% used [0x00000000c0000000,0x00000000c1f25f80,0x00000000c4300000)
 Metaspace       used 49121K, committed 50112K, reserved 1114112K
  class space    used 5020K, committed 5440K, reserved 1048576K
}
Event: 12.326 GC heap before
{Heap before GC invocations=27 (full 2):
 PSYoungGen      total 19456K, used 19446K [0x00000000eab00000, 0x00000000ec780000, 0x0000000100000000)
  eden space 17408K, 100% used [0x00000000eab00000,0x00000000ebc00000,0x00000000ebc00000)
  from space 2048K, 99% used [0x00000000ec080000,0x00000000ec27d848,0x00000000ec280000)
  to   space 4608K, 0% used [0x00000000ebc00000,0x00000000ebc00000,0x00000000ec080000)
 ParOldGen       total 68608K, used 31895K [0x00000000c0000000, 0x00000000c4300000, 0x00000000eab00000)
  object space 68608K, 46% used [0x00000000c0000000,0x00000000c1f25f80,0x00000000c4300000)
 Metaspace       used 50627K, committed 51584K, reserved 1114112K
  class space    used 5120K, committed 5568K, reserved 1048576K
}
Event: 12.337 GC heap after
{Heap after GC invocations=27 (full 2):
 PSYoungGen      total 20480K, used 2970K [0x00000000eab00000, 0x00000000ec300000, 0x0000000100000000)
  eden space 17408K, 0% used [0x00000000eab00000,0x00000000eab00000,0x00000000ebc00000)
  from space 3072K, 96% used [0x00000000ebc00000,0x00000000ebee6a80,0x00000000ebf00000)
  to   space 3584K, 0% used [0x00000000ebf80000,0x00000000ebf80000,0x00000000ec300000)
 ParOldGen       total 68608K, used 33791K [0x00000000c0000000, 0x00000000c4300000, 0x00000000eab00000)
  object space 68608K, 49% used [0x00000000c0000000,0x00000000c20ffc30,0x00000000c4300000)
 Metaspace       used 50627K, committed 51584K, reserved 1114112K
  class space    used 5120K, committed 5568K, reserved 1048576K
}

